111207 20:45:15 [Note] Plugin 'FEDERATED' is disabled.
111207 20:45:15 InnoDB: The InnoDB memory heap is disabled
111207 20:45:15 InnoDB: Mutexes and rw_locks use Windows interlocked functions
111207 20:45:15 InnoDB: Compressed tables use zlib 1.2.3
111207 20:45:16 InnoDB: Initializing buffer pool, size = 47.0M
111207 20:45:16 InnoDB: Completed initialization of buffer pool
InnoDB: The first specified data file .\ibdata1 did not exist:
InnoDB: a new database to be created!
111207 20:45:16  InnoDB: Setting file .\ibdata1 size to 10 MB
InnoDB: Database physically writes the file full: wait...
111207 20:45:16  InnoDB: Log file .\ib_logfile0 did not exist: new to be created
InnoDB: Setting log file .\ib_logfile0 size to 24 MB
InnoDB: Database physically writes the file full: wait...
111207 20:45:16  InnoDB: Log file .\ib_logfile1 did not exist: new to be created
InnoDB: Setting log file .\ib_logfile1 size to 24 MB
InnoDB: Database physically writes the file full: wait...
InnoDB: Doublewrite buffer not found: creating new
InnoDB: Doublewrite buffer created
InnoDB: 127 rollback segment(s) active.
InnoDB: Creating foreign key constraint system tables
InnoDB: Foreign key constraint system tables created
111207 20:45:18  InnoDB: Waiting for the background threads to start
111207 20:45:19 InnoDB: 1.1.8 started; log sequence number 0
111207 20:45:21 [Note] Event Scheduler: Loaded 0 events
111207 20:45:21 [Note] C:\Myst\mysql\bin\mysqld: ready for connections.
Version: '5.5.18'  socket: ''  port: 3306  MySQL Community Server (GPL)
111207 20:59:46 [Note] C:\Myst\mysql\bin\mysqld: Normal shutdown

111207 20:59:46 [Note] Event Scheduler: Purging the queue. 0 events
111207 20:59:46  InnoDB: Starting shutdown...
111207 20:59:47  InnoDB: Shutdown completed; log sequence number 1595675
111207 20:59:47 [Note] C:\Myst\mysql\bin\mysqld: Shutdown complete

111207 20:59:48 [Note] Plugin 'FEDERATED' is disabled.
111207 20:59:48 InnoDB: The InnoDB memory heap is disabled
111207 20:59:48 InnoDB: Mutexes and rw_locks use Windows interlocked functions
111207 20:59:48 InnoDB: Compressed tables use zlib 1.2.3
111207 20:59:48 InnoDB: Initializing buffer pool, size = 47.0M
111207 20:59:48 InnoDB: Completed initialization of buffer pool
111207 20:59:48 InnoDB: highest supported file format is Barracuda.
111207 20:59:48  InnoDB: Waiting for the background threads to start
111207 20:59:49 InnoDB: 1.1.8 started; log sequence number 1595675
111207 20:59:51 [Note] Event Scheduler: Loaded 0 events
111207 20:59:51 [Note] C:\Myst\mysql\bin\mysqld: ready for connections.
Version: '5.5.18'  socket: ''  port: 3306  MySQL Community Server (GPL)
111207 23:18:42 [Note] C:\Myst\mysql\bin\mysqld: Normal shutdown

111207 23:18:43 [Note] Event Scheduler: Purging the queue. 0 events
111207 23:18:43  InnoDB: Starting shutdown...
111207 23:18:45  InnoDB: Shutdown completed; log sequence number 1595675
111207 23:18:45 [Note] C:\Myst\mysql\bin\mysqld: Shutdown complete

111208 15:30:31 [Note] Plugin 'FEDERATED' is disabled.
111208 15:30:33 InnoDB: The InnoDB memory heap is disabled
111208 15:30:33 InnoDB: Mutexes and rw_locks use Windows interlocked functions
111208 15:30:33 InnoDB: Compressed tables use zlib 1.2.3
111208 15:30:35 InnoDB: Initializing buffer pool, size = 47.0M
111208 15:30:35 InnoDB: Completed initialization of buffer pool
111208 15:30:36 InnoDB: highest supported file format is Barracuda.
111208 15:30:53  InnoDB: Waiting for the background threads to start
111208 15:30:54 InnoDB: 1.1.8 started; log sequence number 1595675
111208 15:31:08 [Note] Event Scheduler: Loaded 0 events
111208 15:31:08 [Note] C:\Myst\mysql\bin\mysqld: ready for connections.
Version: '5.5.18'  socket: ''  port: 3306  MySQL Community Server (GPL)
111208 16:17:48 [Note] C:\Myst\mysql\bin\mysqld: Normal shutdown

111208 16:17:48 [Note] Event Scheduler: Purging the queue. 0 events
111208 16:17:48  InnoDB: Starting shutdown...
111208 16:17:52  InnoDB: Shutdown completed; log sequence number 1595675
111208 16:17:52 [Note] C:\Myst\mysql\bin\mysqld: Shutdown complete

111208 16:24:11 [Note] Plugin 'FEDERATED' is disabled.
111208 16:24:13 InnoDB: The InnoDB memory heap is disabled
111208 16:24:14 InnoDB: Mutexes and rw_locks use Windows interlocked functions
111208 16:24:14 InnoDB: Compressed tables use zlib 1.2.3
111208 16:24:17 InnoDB: Initializing buffer pool, size = 47.0M
111208 16:24:17 InnoDB: Completed initialization of buffer pool
111208 16:24:18 InnoDB: highest supported file format is Barracuda.
111208 16:24:30  InnoDB: Waiting for the background threads to start
111208 16:24:31 InnoDB: 1.1.8 started; log sequence number 1595675
111208 16:24:43 [Note] Event Scheduler: Loaded 0 events
111208 16:24:43 [Note] C:\Myst\mysql\bin\mysqld: ready for connections.
Version: '5.5.18'  socket: ''  port: 3306  MySQL Community Server (GPL)
111208 17:32:41 [Note] C:\Myst\mysql\bin\mysqld: Normal shutdown

111208 17:32:41 [Note] Event Scheduler: Purging the queue. 0 events
111208 17:32:41  InnoDB: Starting shutdown...
111208 17:32:42  InnoDB: Shutdown completed; log sequence number 1595675
111208 17:32:42 [Note] C:\Myst\mysql\bin\mysqld: Shutdown complete

111208 18:10:04 [Note] Plugin 'FEDERATED' is disabled.
111208 18:10:05 InnoDB: The InnoDB memory heap is disabled
111208 18:10:05 InnoDB: Mutexes and rw_locks use Windows interlocked functions
111208 18:10:05 InnoDB: Compressed tables use zlib 1.2.3
111208 18:10:05 InnoDB: Initializing buffer pool, size = 47.0M
111208 18:10:06 InnoDB: Completed initialization of buffer pool
111208 18:10:06 InnoDB: highest supported file format is Barracuda.
111208 18:10:09  InnoDB: Waiting for the background threads to start
111208 18:10:10 InnoDB: 1.1.8 started; log sequence number 1595675
111208 18:10:13 [Note] Event Scheduler: Loaded 0 events
111208 18:10:13 [Note] C:\Myst\mysql\bin\mysqld: ready for connections.
Version: '5.5.18'  socket: ''  port: 3306  MySQL Community Server (GPL)
111208 23:46:50 [Note] C:\Myst\mysql\bin\mysqld: Normal shutdown

111208 23:46:52 [Note] Event Scheduler: Purging the queue. 0 events
111208 23:46:57  InnoDB: Starting shutdown...
111209  8:01:10 [Note] Plugin 'FEDERATED' is disabled.
111209  8:01:12 InnoDB: The InnoDB memory heap is disabled
111209  8:01:12 InnoDB: Mutexes and rw_locks use Windows interlocked functions
111209  8:01:12 InnoDB: Compressed tables use zlib 1.2.3
111209  8:01:13 InnoDB: Initializing buffer pool, size = 47.0M
111209  8:01:14 InnoDB: Completed initialization of buffer pool
111209  8:01:14 InnoDB: highest supported file format is Barracuda.
111209  8:01:29  InnoDB: Waiting for the background threads to start
111209  8:01:30 InnoDB: 1.1.8 started; log sequence number 1595675
111209  8:01:48 [Note] Event Scheduler: Loaded 0 events
111209  8:01:48 [Note] C:\Myst\mysql\bin\mysqld: ready for connections.
Version: '5.5.18'  socket: ''  port: 3306  MySQL Community Server (GPL)
111209  8:09:50 [Note] C:\Myst\mysql\bin\mysqld: Normal shutdown

111209  8:09:50 [Note] Event Scheduler: Purging the queue. 0 events
111209  8:09:50  InnoDB: Starting shutdown...
111209  8:09:51  InnoDB: Shutdown completed; log sequence number 1595675
111209  8:09:51 [Note] C:\Myst\mysql\bin\mysqld: Shutdown complete

111209 16:00:32 [Note] Plugin 'FEDERATED' is disabled.
111209 16:00:35 InnoDB: The InnoDB memory heap is disabled
111209 16:00:35 InnoDB: Mutexes and rw_locks use Windows interlocked functions
111209 16:00:35 InnoDB: Compressed tables use zlib 1.2.3
111209 16:00:37 InnoDB: Initializing buffer pool, size = 47.0M
111209 16:00:38 InnoDB: Completed initialization of buffer pool
111209 16:00:38 InnoDB: highest supported file format is Barracuda.
111209 16:00:52  InnoDB: Waiting for the background threads to start
111209 16:00:53 InnoDB: 1.1.8 started; log sequence number 1595675
111209 16:01:10 [Note] Event Scheduler: Loaded 0 events
111209 16:01:10 [Note] C:\Myst\mysql\bin\mysqld: ready for connections.
Version: '5.5.18'  socket: ''  port: 3306  MySQL Community Server (GPL)
111209 16:49:33 [Note] C:\Myst\mysql\bin\mysqld: Normal shutdown

111209 16:49:33 [Note] Event Scheduler: Purging the queue. 0 events
111209 16:49:33  InnoDB: Starting shutdown...
111209 16:49:35  InnoDB: Shutdown completed; log sequence number 1595675
111209 16:49:35 [Note] C:\Myst\mysql\bin\mysqld: Shutdown complete

111209 17:04:07 [Note] Plugin 'FEDERATED' is disabled.
111209 17:04:11 InnoDB: The InnoDB memory heap is disabled
111209 17:04:11 InnoDB: Mutexes and rw_locks use Windows interlocked functions
111209 17:04:11 InnoDB: Compressed tables use zlib 1.2.3
111209 17:04:13 InnoDB: Initializing buffer pool, size = 47.0M
111209 17:04:13 InnoDB: Completed initialization of buffer pool
111209 17:04:14 InnoDB: highest supported file format is Barracuda.
111209 17:04:32  InnoDB: Waiting for the background threads to start
111209 17:04:33 InnoDB: 1.1.8 started; log sequence number 1595675
111209 17:04:53 [Note] Event Scheduler: Loaded 0 events
111209 17:04:53 [Note] C:\Myst\mysql\bin\mysqld: ready for connections.
Version: '5.5.18'  socket: ''  port: 3306  MySQL Community Server (GPL)
111209 19:51:22 [Note] C:\Myst\mysql\bin\mysqld: Normal shutdown

111209 19:51:24 [Note] Event Scheduler: Purging the queue. 0 events
111209 19:51:24  InnoDB: Starting shutdown...
111209 19:51:27  InnoDB: Shutdown completed; log sequence number 1595675
111209 19:51:27 [Note] C:\Myst\mysql\bin\mysqld: Shutdown complete

111210  8:12:04 [Note] Plugin 'FEDERATED' is disabled.
111210  8:12:07 InnoDB: The InnoDB memory heap is disabled
111210  8:12:07 InnoDB: Mutexes and rw_locks use Windows interlocked functions
111210  8:12:07 InnoDB: Compressed tables use zlib 1.2.3
111210  8:12:09 InnoDB: Initializing buffer pool, size = 47.0M
111210  8:12:09 InnoDB: Completed initialization of buffer pool
111210  8:12:10 InnoDB: highest supported file format is Barracuda.
111210  8:12:29  InnoDB: Waiting for the background threads to start
111210  8:12:30 InnoDB: 1.1.8 started; log sequence number 1595675
111210  8:12:56 [Note] Event Scheduler: Loaded 0 events
111210  8:12:56 [Note] C:\Myst\mysql\bin\mysqld: ready for connections.
Version: '5.5.18'  socket: ''  port: 3306  MySQL Community Server (GPL)
111210 10:04:12 [Note] Plugin 'FEDERATED' is disabled.
111210 10:04:14 InnoDB: The InnoDB memory heap is disabled
111210 10:04:14 InnoDB: Mutexes and rw_locks use Windows interlocked functions
111210 10:04:14 InnoDB: Compressed tables use zlib 1.2.3
111210 10:04:16 InnoDB: Initializing buffer pool, size = 47.0M
111210 10:04:16 InnoDB: Completed initialization of buffer pool
111210 10:04:17 InnoDB: highest supported file format is Barracuda.
111210 10:04:33  InnoDB: Waiting for the background threads to start
111210 10:04:34 InnoDB: 1.1.8 started; log sequence number 1595675
111210 10:04:58 [Note] Event Scheduler: Loaded 0 events
111210 10:04:58 [Note] C:\Myst\mysql\bin\mysqld: ready for connections.
Version: '5.5.18'  socket: ''  port: 3306  MySQL Community Server (GPL)
111210 22:05:12 [Note] C:\Myst\mysql\bin\mysqld: Normal shutdown

111210 22:05:14 [Note] Event Scheduler: Purging the queue. 0 events
111210 22:05:19  InnoDB: Starting shutdown...
111211 20:15:53 [Note] Plugin 'FEDERATED' is disabled.
111211 20:15:59 InnoDB: The InnoDB memory heap is disabled
111211 20:15:59 InnoDB: Mutexes and rw_locks use Windows interlocked functions
111211 20:15:59 InnoDB: Compressed tables use zlib 1.2.3
111211 20:16:01 InnoDB: Initializing buffer pool, size = 47.0M
111211 20:16:01 InnoDB: Completed initialization of buffer pool
111211 20:16:03 InnoDB: highest supported file format is Barracuda.
111211 20:16:21  InnoDB: Waiting for the background threads to start
111211 20:16:22 InnoDB: 1.1.8 started; log sequence number 1595675
111211 20:16:43 [Note] Event Scheduler: Loaded 0 events
111211 20:16:43 [Note] C:\Myst\mysql\bin\mysqld: ready for connections.
Version: '5.5.18'  socket: ''  port: 3306  MySQL Community Server (GPL)
111211 21:14:54 [Note] C:\Myst\mysql\bin\mysqld: Normal shutdown

111211 21:14:54 [Note] Event Scheduler: Purging the queue. 0 events
111211 21:14:54  InnoDB: Starting shutdown...
111211 21:14:55  InnoDB: Shutdown completed; log sequence number 1595675
111211 21:14:55 [Note] C:\Myst\mysql\bin\mysqld: Shutdown complete

111211 21:16:46 [Note] Plugin 'FEDERATED' is disabled.
111211 21:16:46 InnoDB: The InnoDB memory heap is disabled
111211 21:16:46 InnoDB: Mutexes and rw_locks use Windows interlocked functions
111211 21:16:46 InnoDB: Compressed tables use zlib 1.2.3
111211 21:16:46 InnoDB: Initializing buffer pool, size = 47.0M
111211 21:16:46 InnoDB: Completed initialization of buffer pool
111211 21:16:46 InnoDB: highest supported file format is Barracuda.
111211 21:16:47  InnoDB: Waiting for the background threads to start
111211 21:16:48 InnoDB: 1.1.8 started; log sequence number 1595675
111211 21:16:50 [Note] Event Scheduler: Loaded 0 events
111211 21:16:50 [Note] C:\Myst\mysql\bin\mysqld: ready for connections.
Version: '5.5.18'  socket: ''  port: 3306  MySQL Community Server (GPL)
111211 22:51:18 [Note] C:\Myst\mysql\bin\mysqld: Normal shutdown

111211 22:51:20 [Note] Event Scheduler: Purging the queue. 0 events
111211 22:51:20  InnoDB: Starting shutdown...
111211 22:51:22  InnoDB: Shutdown completed; log sequence number 1595675
111211 22:51:22 [Note] C:\Myst\mysql\bin\mysqld: Shutdown complete

111212 16:38:51 [Note] Plugin 'FEDERATED' is disabled.
111212 16:38:55 InnoDB: The InnoDB memory heap is disabled
111212 16:38:56 InnoDB: Mutexes and rw_locks use Windows interlocked functions
111212 16:38:56 InnoDB: Compressed tables use zlib 1.2.3
111212 16:38:58 InnoDB: Initializing buffer pool, size = 47.0M
111212 16:38:59 InnoDB: Completed initialization of buffer pool
111212 16:38:59 InnoDB: highest supported file format is Barracuda.
111212 16:39:19  InnoDB: Waiting for the background threads to start
111212 16:39:20 InnoDB: 1.1.8 started; log sequence number 1595675
111212 16:39:41 [Note] Event Scheduler: Loaded 0 events
111212 16:39:41 [Note] C:\Myst\mysql\bin\mysqld: ready for connections.
Version: '5.5.18'  socket: ''  port: 3306  MySQL Community Server (GPL)
111212 23:00:44 [Note] C:\Myst\mysql\bin\mysqld: Normal shutdown

111212 23:00:46 [Note] Event Scheduler: Purging the queue. 0 events
111212 23:00:51  InnoDB: Starting shutdown...
111213  9:34:34 [Note] Plugin 'FEDERATED' is disabled.
111213  9:34:37 InnoDB: The InnoDB memory heap is disabled
111213  9:34:38 InnoDB: Mutexes and rw_locks use Windows interlocked functions
111213  9:34:38 InnoDB: Compressed tables use zlib 1.2.3
111213  9:34:40 InnoDB: Initializing buffer pool, size = 47.0M
111213  9:34:40 InnoDB: Completed initialization of buffer pool
111213  9:34:41 InnoDB: highest supported file format is Barracuda.
111213  9:35:01  InnoDB: Waiting for the background threads to start
111213  9:35:02 InnoDB: 1.1.8 started; log sequence number 1595675
111213  9:35:32 [Note] Event Scheduler: Loaded 0 events
111213  9:35:32 [Note] C:\Myst\mysql\bin\mysqld: ready for connections.
Version: '5.5.18'  socket: ''  port: 3306  MySQL Community Server (GPL)
111213 11:08:00 [Note] C:\Myst\mysql\bin\mysqld: Normal shutdown

111213 11:08:00 [Note] Event Scheduler: Purging the queue. 0 events
111213 11:08:01  InnoDB: Starting shutdown...
111213 11:08:02  InnoDB: Shutdown completed; log sequence number 1595675
111213 11:08:02 [Note] C:\Myst\mysql\bin\mysqld: Shutdown complete

111213 17:00:08 [Note] Plugin 'FEDERATED' is disabled.
111213 17:00:11 InnoDB: The InnoDB memory heap is disabled
111213 17:00:12 InnoDB: Mutexes and rw_locks use Windows interlocked functions
111213 17:00:12 InnoDB: Compressed tables use zlib 1.2.3
111213 17:00:14 InnoDB: Initializing buffer pool, size = 47.0M
111213 17:00:14 InnoDB: Completed initialization of buffer pool
111213 17:00:17 InnoDB: highest supported file format is Barracuda.
111213 17:00:35  InnoDB: Waiting for the background threads to start
111213 17:00:36 InnoDB: 1.1.8 started; log sequence number 1595675
111213 17:01:05 [Note] Event Scheduler: Loaded 0 events
111213 17:01:05 [Note] C:\Myst\mysql\bin\mysqld: ready for connections.
Version: '5.5.18'  socket: ''  port: 3306  MySQL Community Server (GPL)
111213 23:18:19 [Note] C:\Myst\mysql\bin\mysqld: Normal shutdown

111213 23:18:21 [Note] Event Scheduler: Purging the queue. 0 events
111213 23:18:29  InnoDB: Starting shutdown...
111213 23:18:48  InnoDB: Shutdown completed; log sequence number 1595675
111213 23:18:48 [Note] C:\Myst\mysql\bin\mysqld: Shutdown complete

111214 14:29:34 [Note] Plugin 'FEDERATED' is disabled.
111214 14:29:38 InnoDB: The InnoDB memory heap is disabled
111214 14:29:38 InnoDB: Mutexes and rw_locks use Windows interlocked functions
111214 14:29:38 InnoDB: Compressed tables use zlib 1.2.3
111214 14:29:41 InnoDB: Initializing buffer pool, size = 47.0M
111214 14:29:41 InnoDB: Completed initialization of buffer pool
111214 14:29:43 InnoDB: highest supported file format is Barracuda.
111214 14:30:02  InnoDB: Waiting for the background threads to start
111214 14:30:03 InnoDB: 1.1.8 started; log sequence number 1595675
111214 14:30:30 [Note] Event Scheduler: Loaded 0 events
111214 14:30:30 [Note] C:\Myst\mysql\bin\mysqld: ready for connections.
Version: '5.5.18'  socket: ''  port: 3306  MySQL Community Server (GPL)
111214 16:34:38 [Note] C:\Myst\mysql\bin\mysqld: Normal shutdown

111214 16:34:38 [Note] Event Scheduler: Purging the queue. 0 events
111214 16:34:38  InnoDB: Starting shutdown...
111214 16:34:40  InnoDB: Shutdown completed; log sequence number 1595675
111214 16:34:40 [Note] C:\Myst\mysql\bin\mysqld: Shutdown complete

111214 17:27:00 [Note] Plugin 'FEDERATED' is disabled.
111214 17:27:03 InnoDB: The InnoDB memory heap is disabled
111214 17:27:04 InnoDB: Mutexes and rw_locks use Windows interlocked functions
111214 17:27:04 InnoDB: Compressed tables use zlib 1.2.3
111214 17:27:06 InnoDB: Initializing buffer pool, size = 47.0M
111214 17:27:06 InnoDB: Completed initialization of buffer pool
111214 17:27:07 InnoDB: highest supported file format is Barracuda.
111214 17:27:27  InnoDB: Waiting for the background threads to start
111214 17:27:28 InnoDB: 1.1.8 started; log sequence number 1595675
111214 17:27:53 [Note] Event Scheduler: Loaded 0 events
111214 17:27:53 [Note] C:\Myst\mysql\bin\mysqld: ready for connections.
Version: '5.5.18'  socket: ''  port: 3306  MySQL Community Server (GPL)
111214 21:58:35 [Note] C:\Myst\mysql\bin\mysqld: Normal shutdown

111214 21:58:36 [Note] Event Scheduler: Purging the queue. 0 events
111214 21:58:39  InnoDB: Starting shutdown...
111214 21:58:45  InnoDB: Shutdown completed; log sequence number 1595675
111214 21:58:46 [Note] C:\Myst\mysql\bin\mysqld: Shutdown complete

